<?xml version="1.0" encoding="UTF-8"?>
<!-- Generated by org.testng.reporters.JUnitReportReporter -->
<testsuite hostname="DESKTOP-BR5FEO3" failures="0" tests="22" name="com.hospital.qa.testcases.HospitalTest" time="152.499" errors="1" timestamp="2021-03-18T09:38:38 IST" skipped="0">
  <testcase classname="com.hospital.qa.testcases.HospitalTest" name="closeBrower" time="0.002">
    <error message="Cannot invoke &quot;com.hospital.qa.pages.CorporateWellnessPage.closeBrowser()&quot; because &quot;this.cw&quot; is null" type="java.lang.NullPointerException">
      <![CDATA[java.lang.NullPointerException: Cannot invoke "com.hospital.qa.pages.CorporateWellnessPage.closeBrowser()" because "this.cw" is null
at com.hospital.qa.testcases.HospitalTest.closeBrower(HospitalTest.java:544)
at java.base/jdk.internal.reflect.NativeMethodAccessorImpl.invoke0(Native Method)
at java.base/jdk.internal.reflect.NativeMethodAccessorImpl.invoke(NativeMethodAccessorImpl.java:64)
at java.base/jdk.internal.reflect.DelegatingMethodAccessorImpl.invoke(DelegatingMethodAccessorImpl.java:43)
at java.base/java.lang.reflect.Method.invoke(Method.java:564)
at org.testng.internal.MethodInvocationHelper.invokeMethod(MethodInvocationHelper.java:132)
at org.testng.internal.MethodInvocationHelper.invokeMethodConsideringTimeout(MethodInvocationHelper.java:61)
at org.testng.internal.ConfigInvoker.invokeConfigurationMethod(ConfigInvoker.java:366)
at org.testng.internal.ConfigInvoker.invokeConfigurations(ConfigInvoker.java:320)
at org.testng.TestRunner.invokeTestConfigurations(TestRunner.java:617)
at org.testng.TestRunner.afterRun(TestRunner.java:847)
at org.testng.TestRunner.run(TestRunner.java:588)
at org.testng.SuiteRunner.runTest(SuiteRunner.java:384)
at org.testng.SuiteRunner.runSequentially(SuiteRunner.java:378)
at org.testng.SuiteRunner.privateRun(SuiteRunner.java:337)
at org.testng.SuiteRunner.run(SuiteRunner.java:286)
at org.testng.SuiteRunnerWorker.runSuite(SuiteRunnerWorker.java:53)
at org.testng.SuiteRunnerWorker.run(SuiteRunnerWorker.java:96)
at org.testng.TestNG.runSuitesSequentially(TestNG.java:1218)
at org.testng.TestNG.runSuitesLocally(TestNG.java:1140)
at org.testng.TestNG.runSuites(TestNG.java:1069)
at org.testng.TestNG.run(TestNG.java:1037)
at org.testng.remote.AbstractRemoteTestNG.run(AbstractRemoteTestNG.java:115)
at org.testng.remote.RemoteTestNG.initAndRun(RemoteTestNG.java:251)
at org.testng.remote.RemoteTestNG.main(RemoteTestNG.java:77)
]]>
    </error>
  </testcase> <!-- closeBrower -->
  <system-out/>
  <testcase classname="com.hospital.qa.testcases.HospitalTest" name="testCase" time="0.030"/>
  <system-out/>
  <testcase classname="com.hospital.qa.testcases.HospitalTest" name="displayHospitals" time="89.665"/>
  <system-out/>
  <testcase classname="com.hospital.qa.testcases.HospitalTest" name="goToTopCity" time="58.791"/>
  <system-out/>
  <testcase classname="com.hospital.qa.testcases.HospitalTest" name="clickCorporateWellness" time="0.148"/>
  <system-out/>
  <testcase classname="com.hospital.qa.testcases.HospitalTest" name="InvalidCorporateWellness" time="0.017"/>
  <system-out/>
  <testcase classname="com.hospital.qa.testcases.HospitalTest" name="nullInvalidForm" time="0.019"/>
  <system-out/>
  <testcase classname="com.hospital.qa.testcases.HospitalTest" name="InvalidNameInCw" time="0.020"/>
  <system-out/>
  <testcase classname="com.hospital.qa.testcases.HospitalTest" name="InvalidOrgNameCw" time="0.010"/>
  <system-out/>
  <testcase classname="com.hospital.qa.testcases.HospitalTest" name="InvalidPhoneNoCw" time="0.039"/>
  <system-out/>
  <testcase classname="com.hospital.qa.testcases.HospitalTest" name="specCharNameInCw" time="0.021"/>
  <system-out/>
  <testcase classname="com.hospital.qa.testcases.HospitalTest" name="specOrgNameCw" time="0.031"/>
  <system-out/>
  <testcase classname="com.hospital.qa.testcases.HospitalTest" name="charPhoneNo" time="0.041"/>
  <system-out/>
  <testcase classname="com.hospital.qa.testcases.HospitalTest" name="alphaNumericPhoneNo" time="0.029"/>
  <system-out/>
  <testcase classname="com.hospital.qa.testcases.HospitalTest" name="wrongFormatPhoneNo" time="0.012"/>
  <system-out/>
  <testcase classname="com.hospital.qa.testcases.HospitalTest" name="checkTitle" time="0.034"/>
  <system-out/>
  <testcase classname="com.hospital.qa.testcases.HospitalTest" name="invalidDisplayLoc" time="1.034"/>
  <system-out/>
  <testcase classname="com.hospital.qa.testcases.HospitalTest" name="invalidHospitalName" time="2.018"/>
  <system-out/>
  <testcase classname="com.hospital.qa.testcases.HospitalTest" name="testHospitalTextbox" time="0.012"/>
  <system-out/>
  <testcase classname="com.hospital.qa.testcases.HospitalTest" name="testCheckBox" time="0.513"/>
  <system-out/>
  <testcase classname="com.hospital.qa.testcases.HospitalTest" name="testDropdownText" time="0.006"/>
  <system-out/>
  <testcase classname="com.hospital.qa.testcases.HospitalTest" name="hasParkingTest" time="0.007"/>
  <system-out/>
</testsuite> <!-- com.hospital.qa.testcases.HospitalTest -->
